['python', 'cmd.py', '-m', '/nethome/ialrazi/PowerSynth_V2/PowerSynth2_Git_Repo/PowerSynth/test/3D_Case_4/macro_script.txt', '-settings', '/nethome/ialrazi/PS_2_test_Cases/settings_up.info']
0 python
1 cmd.py
2 -m
3 /nethome/ialrazi/PowerSynth_V2/PowerSynth2_Git_Repo/PowerSynth/test/3D_Case_4/macro_script.txt
4 -settings
5 /nethome/ialrazi/PS_2_test_Cases/settings_up.info
Loading settings file
Settings loaded.
settings.PARAPOWER_FOLDER /nethome/ialrazi/PS_2_test_Cases/Parapower_json
loading material from csv
/nethome/ialrazi/PS_2_test_Cases/tech_lib/Material/Materials.csv
This will change the default settings file location
Loading macro file
/nethome/ialrazi/PowerSynth_V2/PowerSynth2_Git_Repo/PowerSynth/test/3D_Case_4/macro_script.txt
Jump to current working dir
/nethome/ialrazi/PowerSynth_V2/PowerSynth2_Git_Repo/PowerSynth/test/3D_Case_4/
-2
B {5000.0: 0, 35000.0: 18770}
A {5000.0: 0, 35000.0: 18770, 7000: 1265, 8000: 2265, 9000: 2490, 12000: 3990, 11000: 2990, 15000: 8017, 18000: 9517, 17000: 8517, 21000: 13081, 23000: 13581, 24000: 14581}
-2
B {5000.0: 0, 35000.0: 20348}
A {5000.0: 0, 35000.0: 20348, 7000: 1202, 8000: 2202, 9000: 3344, 12000: 4844, 11000: 3844, 15000: 8845, 18000: 10345, 17000: 9345, 21000: 14819, 23000: 15319, 24000: 16319}
-2
B {5000.0: 0, 35000.0: 22163}
A {5000.0: 0, 35000.0: 22163, 7000: 1083, 8000: 2083, 9000: 3036, 12000: 4536, 11000: 3536, 15000: 10362, 18000: 11862, 17000: 10862, 21000: 16272, 23000: 16772, 24000: 17772}
-2
B {5000.0: 0, 35000.0: 20324}
A {5000.0: 0, 35000.0: 20324, 7000: 1874, 8000: 2874, 9000: 3651, 12000: 5151, 11000: 4151, 15000: 9127, 18000: 10627, 17000: 9627, 21000: 14812, 23000: 15312, 24000: 16312}
-2
B {5000.0: 0, 35000.0: 22139}
A {5000.0: 0, 35000.0: 22139, 7000: 1027, 8000: 2027, 9000: 2261, 12000: 3761, 11000: 2761, 15000: 7933, 18000: 9433, 17000: 8433, 21000: 13739, 23000: 14239, 24000: 15239}
-2
B {5000.0: 0, 35000.0: 22225}
A {5000.0: 0, 35000.0: 22225, 7000: 2159, 8000: 3159, 9000: 4102, 12000: 5602, 11000: 4602, 15000: 10664, 18000: 12164, 17000: 11164, 21000: 16151, 23000: 16651, 24000: 17651}
-2
B {5000.0: 0, 35000.0: 19654}
A {5000.0: 0, 35000.0: 19654, 7000: 1385, 8000: 2385, 9000: 2726, 12000: 4226, 11000: 3226, 15000: 8150, 18000: 9650, 17000: 8650, 21000: 13515, 23000: 14015, 24000: 15015}
-2
B {5000.0: 0, 35000.0: 26553}
A {5000.0: 0, 35000.0: 26553, 7000: 1399, 8000: 2399, 9000: 2639, 12000: 4139, 11000: 3139, 15000: 7987, 18000: 9487, 17000: 8487, 21000: 16079, 23000: 16579, 24000: 17579}
-2
B {5000.0: 0, 35000.0: 28362}
A {5000.0: 0, 35000.0: 28362, 7000: 4600, 8000: 5600, 9000: 7208, 12000: 8708, 11000: 7708, 15000: 15084, 18000: 16584, 17000: 15584, 21000: 22647, 23000: 23147, 24000: 24147}
-2
B {5000.0: 0, 35000.0: 18704}
A {5000.0: 0, 35000.0: 18704, 7000: 1245, 8000: 2245, 9000: 2398, 12000: 3898, 11000: 2898, 15000: 7495, 18000: 8995, 17000: 7995, 21000: 12589, 23000: 13089, 24000: 14089}
-2
B {5000.0: 0, 35000.0: 12069}
A {5000.0: 0, 35000.0: 12069, 7000: 1009, 8000: 2009, 15000: 5018, 16000: 5518, 17000: 6518, 19000: 8527, 20000: 9527}
-2
B {5000.0: 0, 35000.0: 13168}
A {5000.0: 0, 35000.0: 13168, 7000: 1036, 8000: 2036, 15000: 5584, 16000: 6084, 17000: 7084, 19000: 9632, 20000: 10632}
-2
B {5000.0: 0, 35000.0: 14545}
A {5000.0: 0, 35000.0: 14545, 7000: 1083, 8000: 2083, 15000: 5166, 16000: 5666, 17000: 6666, 19000: 8749, 20000: 9749}
-2
B {5000.0: 0, 35000.0: 15235}
A {5000.0: 0, 35000.0: 15235, 7000: 1874, 8000: 2874, 15000: 6748, 16000: 7248, 17000: 8248, 19000: 11122, 20000: 12122}
-2
B {5000.0: 0, 35000.0: 16089}
A {5000.0: 0, 35000.0: 16089, 7000: 1027, 8000: 2027, 15000: 6925, 16000: 7425, 17000: 8425, 19000: 11299, 20000: 12299}
-2
B {5000.0: 0, 35000.0: 16439}
A {5000.0: 0, 35000.0: 16439, 7000: 2159, 8000: 3159, 15000: 7318, 16000: 7818, 17000: 8818, 19000: 10953, 20000: 11953}
-2
B {5000.0: 0, 35000.0: 18498}
A {5000.0: 0, 35000.0: 18498, 7000: 2409, 8000: 3409, 15000: 7818, 16000: 8318, 17000: 9318, 19000: 11703, 20000: 12703}
-2
B {5000.0: 0, 35000.0: 13660}
A {5000.0: 0, 35000.0: 13660, 7000: 1399, 8000: 2399, 15000: 5798, 16000: 6298, 17000: 7298, 19000: 9697, 20000: 10697}
-2
B {5000.0: 0, 35000.0: 18008}
A {5000.0: 0, 35000.0: 18008, 7000: 1539, 8000: 2539, 15000: 6078, 16000: 6578, 17000: 7578, 19000: 10117, 20000: 11117}
-2
B {5000.0: 0, 35000.0: 20008}
A {5000.0: 0, 35000.0: 20008, 7000: 3554, 8000: 4554, 15000: 10108, 16000: 10608, 17000: 11608, 19000: 13853, 20000: 14853}
-3
B {5000.0: 0, 7000: 1265, 8000: 2265, 9000: 2490, 11000: 2990, 12000: 3990, 15000: 8017, 17000: 8517, 18000: 9517, 21000: 13081, 23000: 13581, 24000: 14581, 35000.0: 18770, 6000.0: 500, 29000: 18270}
A {5000.0: 0, 7000: 1265, 8000: 2265, 9000: 2490, 11000: 2990, 12000: 3990, 15000: 8017, 17000: 8517, 18000: 9517, 21000: 13081, 23000: 13581, 24000: 14581, 35000.0: 18770, 6000.0: 500, 29000: 18270}
-3
B {5000.0: 0, 7000: 1202, 8000: 2202, 9000: 3344, 11000: 3844, 12000: 4844, 15000: 8845, 17000: 9345, 18000: 10345, 21000: 14819, 23000: 15319, 24000: 16319, 35000.0: 20348, 6000.0: 500, 29000: 19848}
A {5000.0: 0, 7000: 1202, 8000: 2202, 9000: 3344, 11000: 3844, 12000: 4844, 15000: 8845, 17000: 9345, 18000: 10345, 21000: 14819, 23000: 15319, 24000: 16319, 35000.0: 20348, 6000.0: 500, 29000: 19848}
-3
B {5000.0: 0, 7000: 1083, 8000: 2083, 9000: 3036, 11000: 3536, 12000: 4536, 15000: 10362, 17000: 10862, 18000: 11862, 21000: 16272, 23000: 16772, 24000: 17772, 35000.0: 22163, 6000.0: 500, 29000: 21663}
A {5000.0: 0, 7000: 1083, 8000: 2083, 9000: 3036, 11000: 3536, 12000: 4536, 15000: 10362, 17000: 10862, 18000: 11862, 21000: 16272, 23000: 16772, 24000: 17772, 35000.0: 22163, 6000.0: 500, 29000: 21663}
-3
B {5000.0: 0, 7000: 1874, 8000: 2874, 9000: 3651, 11000: 4151, 12000: 5151, 15000: 9127, 17000: 9627, 18000: 10627, 21000: 14812, 23000: 15312, 24000: 16312, 35000.0: 20324, 6000.0: 500, 29000: 19824}
A {5000.0: 0, 7000: 1874, 8000: 2874, 9000: 3651, 11000: 4151, 12000: 5151, 15000: 9127, 17000: 9627, 18000: 10627, 21000: 14812, 23000: 15312, 24000: 16312, 35000.0: 20324, 6000.0: 500, 29000: 19824}
-3
B {5000.0: 0, 7000: 1027, 8000: 2027, 9000: 2261, 11000: 2761, 12000: 3761, 15000: 7933, 17000: 8433, 18000: 9433, 21000: 13739, 23000: 14239, 24000: 15239, 35000.0: 22139, 6000.0: 500, 29000: 21639}
A {5000.0: 0, 7000: 1027, 8000: 2027, 9000: 2261, 11000: 2761, 12000: 3761, 15000: 7933, 17000: 8433, 18000: 9433, 21000: 13739, 23000: 14239, 24000: 15239, 35000.0: 22139, 6000.0: 500, 29000: 21639}
-3
B {5000.0: 0, 7000: 2159, 8000: 3159, 9000: 4102, 11000: 4602, 12000: 5602, 15000: 10664, 17000: 11164, 18000: 12164, 21000: 16151, 23000: 16651, 24000: 17651, 35000.0: 22225, 6000.0: 500, 29000: 21725}
A {5000.0: 0, 7000: 2159, 8000: 3159, 9000: 4102, 11000: 4602, 12000: 5602, 15000: 10664, 17000: 11164, 18000: 12164, 21000: 16151, 23000: 16651, 24000: 17651, 35000.0: 22225, 6000.0: 500, 29000: 21725}
-3
B {5000.0: 0, 7000: 1385, 8000: 2385, 9000: 2726, 11000: 3226, 12000: 4226, 15000: 8150, 17000: 8650, 18000: 9650, 21000: 13515, 23000: 14015, 24000: 15015, 35000.0: 19654, 6000.0: 500, 29000: 19154}
A {5000.0: 0, 7000: 1385, 8000: 2385, 9000: 2726, 11000: 3226, 12000: 4226, 15000: 8150, 17000: 8650, 18000: 9650, 21000: 13515, 23000: 14015, 24000: 15015, 35000.0: 19654, 6000.0: 500, 29000: 19154}
-3
B {5000.0: 0, 7000: 1399, 8000: 2399, 9000: 2639, 11000: 3139, 12000: 4139, 15000: 7987, 17000: 8487, 18000: 9487, 21000: 16079, 23000: 16579, 24000: 17579, 35000.0: 26553, 6000.0: 500, 29000: 26053}
A {5000.0: 0, 7000: 1399, 8000: 2399, 9000: 2639, 11000: 3139, 12000: 4139, 15000: 7987, 17000: 8487, 18000: 9487, 21000: 16079, 23000: 16579, 24000: 17579, 35000.0: 26553, 6000.0: 500, 29000: 26053}
-3
B {5000.0: 0, 7000: 4600, 8000: 5600, 9000: 7208, 11000: 7708, 12000: 8708, 15000: 15084, 17000: 15584, 18000: 16584, 21000: 22647, 23000: 23147, 24000: 24147, 35000.0: 28362, 6000.0: 500, 29000: 27862}
A {5000.0: 0, 7000: 4600, 8000: 5600, 9000: 7208, 11000: 7708, 12000: 8708, 15000: 15084, 17000: 15584, 18000: 16584, 21000: 22647, 23000: 23147, 24000: 24147, 35000.0: 28362, 6000.0: 500, 29000: 27862}
-3
B {5000.0: 0, 7000: 1245, 8000: 2245, 9000: 2398, 11000: 2898, 12000: 3898, 15000: 7495, 17000: 7995, 18000: 8995, 21000: 12589, 23000: 13089, 24000: 14089, 35000.0: 18704, 6000.0: 500, 29000: 18204}
A {5000.0: 0, 7000: 1245, 8000: 2245, 9000: 2398, 11000: 2898, 12000: 3898, 15000: 7495, 17000: 7995, 18000: 8995, 21000: 12589, 23000: 13089, 24000: 14089, 35000.0: 18704, 6000.0: 500, 29000: 18204}
-3
B {5000.0: 0, 7000: 1009, 8000: 2009, 15000: 5018, 16000: 5518, 17000: 6518, 19000: 8527, 20000: 9527, 35000.0: 12069, 6000.0: 500, 29000: 11569}
A {5000.0: 0, 7000: 1009, 8000: 2009, 15000: 5018, 16000: 5518, 17000: 6518, 19000: 8527, 20000: 9527, 35000.0: 12069, 6000.0: 500, 29000: 11569, 17500: 7019, 18500: 8023}
-3
B {5000.0: 0, 7000: 1036, 8000: 2036, 15000: 5584, 16000: 6084, 17000: 7084, 19000: 9632, 20000: 10632, 35000.0: 13168, 6000.0: 500, 29000: 12668}
A {5000.0: 0, 7000: 1036, 8000: 2036, 15000: 5584, 16000: 6084, 17000: 7084, 19000: 9632, 20000: 10632, 35000.0: 13168, 6000.0: 500, 29000: 12668, 17500: 7620, 18500: 8822}
-3
B {5000.0: 0, 7000: 1083, 8000: 2083, 15000: 5166, 16000: 5666, 17000: 6666, 19000: 8749, 20000: 9749, 35000.0: 14545, 6000.0: 500, 29000: 14045}
A {5000.0: 0, 7000: 1083, 8000: 2083, 15000: 5166, 16000: 5666, 17000: 6666, 19000: 8749, 20000: 9749, 35000.0: 14545, 6000.0: 500, 29000: 14045, 17500: 7185, 18500: 8207}
-3
B {5000.0: 0, 7000: 1874, 8000: 2874, 15000: 6748, 16000: 7248, 17000: 8248, 19000: 11122, 20000: 12122, 35000.0: 15235, 6000.0: 500, 29000: 14735}
A {5000.0: 0, 7000: 1874, 8000: 2874, 15000: 6748, 16000: 7248, 17000: 8248, 19000: 11122, 20000: 12122, 35000.0: 15235, 6000.0: 500, 29000: 14735, 17500: 9110, 18500: 10586}
-3
B {5000.0: 0, 7000: 1027, 8000: 2027, 15000: 6925, 16000: 7425, 17000: 8425, 19000: 11299, 20000: 12299, 35000.0: 16089, 6000.0: 500, 29000: 15589}
A {5000.0: 0, 7000: 1027, 8000: 2027, 15000: 6925, 16000: 7425, 17000: 8425, 19000: 11299, 20000: 12299, 35000.0: 16089, 6000.0: 500, 29000: 15589, 17500: 9287, 18500: 10314}
-3
B {5000.0: 0, 7000: 2159, 8000: 3159, 15000: 7318, 16000: 7818, 17000: 8818, 19000: 10953, 20000: 11953, 35000.0: 16439, 6000.0: 500, 29000: 15939}
A {5000.0: 0, 7000: 2159, 8000: 3159, 15000: 7318, 16000: 7818, 17000: 8818, 19000: 10953, 20000: 11953, 35000.0: 16439, 6000.0: 500, 29000: 15939, 17500: 9325, 18500: 10400}
-3
B {5000.0: 0, 7000: 2409, 8000: 3409, 15000: 7818, 16000: 8318, 17000: 9318, 19000: 11703, 20000: 12703, 35000.0: 18498, 6000.0: 500, 29000: 17998}
A {5000.0: 0, 7000: 2409, 8000: 3409, 15000: 7818, 16000: 8318, 17000: 9318, 19000: 11703, 20000: 12703, 35000.0: 18498, 6000.0: 500, 29000: 17998, 17500: 9947, 18500: 11188}
-3
B {5000.0: 0, 7000: 1399, 8000: 2399, 15000: 5798, 16000: 6298, 17000: 7298, 19000: 9697, 20000: 10697, 35000.0: 13660, 6000.0: 500, 29000: 13160}
A {5000.0: 0, 7000: 1399, 8000: 2399, 15000: 5798, 16000: 6298, 17000: 7298, 19000: 9697, 20000: 10697, 35000.0: 13660, 6000.0: 500, 29000: 13160, 17500: 7941, 18500: 9007}
-3
B {5000.0: 0, 7000: 1539, 8000: 2539, 15000: 6078, 16000: 6578, 17000: 7578, 19000: 10117, 20000: 11117, 35000.0: 18008, 6000.0: 500, 29000: 17508}
A {5000.0: 0, 7000: 1539, 8000: 2539, 15000: 6078, 16000: 6578, 17000: 7578, 19000: 10117, 20000: 11117, 35000.0: 18008, 6000.0: 500, 29000: 17508, 17500: 8105, 18500: 9589}
-3
B {5000.0: 0, 7000: 3554, 8000: 4554, 15000: 10108, 16000: 10608, 17000: 11608, 19000: 13853, 20000: 14853, 35000.0: 20008, 6000.0: 500, 29000: 19508}
A {5000.0: 0, 7000: 3554, 8000: 4554, 15000: 10108, 16000: 10608, 17000: 11608, 19000: 13853, 20000: 14853, 35000.0: 20008, 6000.0: 500, 29000: 19508, 17500: 12225, 18500: 13278}
Variable_sized solution 0 18.77 12.069
Variable_sized solution 1 20.348 13.168
Variable_sized solution 2 22.163 14.545
Variable_sized solution 3 20.324 15.235
Variable_sized solution 4 22.139 16.089
Variable_sized solution 5 22.225 16.439
Variable_sized solution 6 19.654 18.498
Variable_sized solution 7 26.553 13.66
Variable_sized solution 8 28.362 18.008
Variable_sized solution 9 18.704 20.008
