['python', 'cmd.py', '-m', '/nethome/ialrazi/PowerSynth_V2/PowerSynth2_Git_Repo/PowerSynth/test/3D_Case_3/macro_script.txt', '-settings', '/nethome/ialrazi/PS_2_test_Cases/settings_up.info']
0 python
1 cmd.py
2 -m
3 /nethome/ialrazi/PowerSynth_V2/PowerSynth2_Git_Repo/PowerSynth/test/3D_Case_3/macro_script.txt
4 -settings
5 /nethome/ialrazi/PS_2_test_Cases/settings_up.info
Loading settings file
Settings loaded.
settings.PARAPOWER_FOLDER /nethome/ialrazi/PS_2_test_Cases/Parapower_json
loading material from csv
/nethome/ialrazi/PS_2_test_Cases/tech_lib/Material/Materials.csv
This will change the default settings file location
Loading macro file
/nethome/ialrazi/PowerSynth_V2/PowerSynth2_Git_Repo/PowerSynth/test/3D_Case_3/macro_script.txt
Jump to current working dir
/nethome/ialrazi/PowerSynth_V2/PowerSynth2_Git_Repo/PowerSynth/test/3D_Case_3/
Starting cornerstitch_API thermal interface
No netlist provided, no LVS will be run
LVS: No input netlist provided, skip LVS step
{} number of swtiching-cell group 0
unknown
Single Loop Setup
save data in json
Dectected 3D layout, using FasHenry electrical model
Min-size I1 30.2 31.62
Min-size I2 30.2 31.62
V4.2_
V5.2_
V1.2_
V2.2_
V3.2_
V2.5
V3.5
V4.5
V5.5
V1.5
V4.2_
V5.2_
V1.2_
V2.2_
V3.2_
V2.5
V3.5
V4.5
V5.5
V1.5
handle T_SHAPE cut
V4.2_
V5.2_
V1.2_
V2.2_
V3.2_
V2.5
V3.5
V4.5
V5.5
V1.5
V4.2_
V5.2_
V1.2_
V2.2_
V3.2_
V2.5
V3.5
V4.5
V5.5
V1.5
V4.2_
V5.2_
V1.2_
V2.2_
V3.2_
V2.5
V3.5
V4.5
V5.5
V1.5
V4.2_
V5.2_
V1.2_
V2.2_
V3.2_
V2.5
V3.5
V4.5
V5.5
V1.5
V4.2_
V5.2_
V1.2_
V2.2_
V3.2_
V2.5
V3.5
V4.5
V5.5
V1.5
V4.2_
V5.2_
V1.2_
V2.2_
V3.2_
V2.5
V3.5
V4.5
V5.5
V1.5
handle T_SHAPE cut
V4.2_
V5.2_
V1.2_
V2.2_
V3.2_
V2.5
V3.5
V4.5
V5.5
V1.5
V4.2_
V5.2_
V1.2_
V2.2_
V3.2_
V2.5
V3.5
V4.5
V5.5
V1.5
V4.2_
V5.2_
V1.2_
V2.2_
V3.2_
V2.5
V3.5
V4.5
V5.5
V1.5
V4.2_
V5.2_
V1.2_
V2.2_
V3.2_
V2.5
V3.5
V4.5
V5.5
V1.5
existed
CLEAR OLD RESULT
/nethome/ialrazi/PS_2_test_Cases/Parapower_json
Added Solution_ 0 Perf_values:  {'(L5,L1)': 3.887789203365892, 'Max_Temp': 253.21625795762031}
Perf_eval_time 64.64286279678345
