['python', 'cmd.py', '-m', '/e3da/scratch/student/stutemp/Sample_Designs/2D_Case_4/macro_script.txt', '-settings', '/tmp/home/stutemp/Environement_Settings/settings_up.info']
0 python
1 cmd.py
2 -m
3 /e3da/scratch/student/stutemp/Sample_Designs/2D_Case_4/macro_script.txt
4 -settings
5 /tmp/home/stutemp/Environement_Settings/settings_up.info
Loading settings file
Settings loaded.
loading material from csv
/tmp/home/stutemp/Environement_Settings/tech_lib/Material/Materials.csv
This will change the default settings file location
Loading macro file
/e3da/scratch/student/stutemp/Sample_Designs/2D_Case_4/macro_script.txt
Jump to current working dir
/e3da/scratch/student/stutemp/Sample_Designs/2D_Case_4/
Starting cornerstitch_API thermal interface
Dectected 2D layout, using PEEC electrical model
R: [-0.03569843], L: [0.+40.43541818j]
Min-size I1 25.0 42.6
R: [-0.01331376], L: [0.+13.76545508j]
/tmp/home/stutemp/Environement_Settings/Parapower_json
Added Solution_ 0 Perf_values:  {'Inductance': 13.765455081839391, 'Max_Temperature': 454.02481675265165}
Perf_eval_time 46.3006591796875
