['python', 'cmd.py', '-m', '/nethome/ialrazi/PowerSynth_V2/PowerSynth2_Git_Repo/PowerSynth/test/3D_Case_6/macro_script.txt', '-settings', '/nethome/ialrazi/PS_2_test_Cases/settings_up.info']
0 python
1 cmd.py
2 -m
3 /nethome/ialrazi/PowerSynth_V2/PowerSynth2_Git_Repo/PowerSynth/test/3D_Case_6/macro_script.txt
4 -settings
5 /nethome/ialrazi/PS_2_test_Cases/settings_up.info
Loading settings file
Settings loaded.
settings.PARAPOWER_FOLDER /nethome/ialrazi/PS_2_test_Cases/Parapower_json
loading material from csv
/nethome/ialrazi/PS_2_test_Cases/tech_lib/Material/Materials.csv
This will change the default settings file location
Loading macro file
/nethome/ialrazi/PowerSynth_V2/PowerSynth2_Git_Repo/PowerSynth/test/3D_Case_6/macro_script.txt
Jump to current working dir
/nethome/ialrazi/PowerSynth_V2/PowerSynth2_Git_Repo/PowerSynth/test/3D_Case_6/
Starting cornerstitch_API thermal interface
No netlist provided, no LVS will be run
LVS: No input netlist provided, skip LVS step
{} number of swtiching-cell group 0
unknown
Single Loop Setup
save data in json
Dectected 3D layout, using FasHenry electrical model
Min-size I1 23.3 23.3
Min-size I2 23.3 23.3
V1.5
V1.6_
V1.5
V1.6_
V1.5
V1.6_
V1.5
V1.6_
V1.5
V1.6_
V1.5
V1.6_
V1.5
V1.6_
V1.5
V1.6_
